bin\CGFexample.pdb
D:\DROPBOX\FEUP\3_1 LAIG\LAIG\BUILDTEMP\CGFEXAMPLE\ANFSCENE.OBJ
D:\Dropbox\FEUP\3_1 LAIG\LAIG\buildtemp\CGFexample\CGFexample.exe.intermediate.manifest
D:\Dropbox\FEUP\3_1 LAIG\LAIG\buildtemp\CGFexample\CGFexample.write.1.tlog
D:\Dropbox\FEUP\3_1 LAIG\LAIG\buildtemp\CGFexample\cl.command.1.tlog
D:\Dropbox\FEUP\3_1 LAIG\LAIG\buildtemp\CGFexample\CL.read.1.tlog
D:\Dropbox\FEUP\3_1 LAIG\LAIG\buildtemp\CGFexample\CL.write.1.tlog
D:\DROPBOX\FEUP\3_1 LAIG\LAIG\BUILDTEMP\CGFEXAMPLE\COLOR.OBJ
D:\DROPBOX\FEUP\3_1 LAIG\LAIG\BUILDTEMP\CGFEXAMPLE\DEMOSCENE.OBJ
D:\DROPBOX\FEUP\3_1 LAIG\LAIG\BUILDTEMP\CGFEXAMPLE\EXAMPLEOBJECT.OBJ
D:\DROPBOX\FEUP\3_1 LAIG\LAIG\BUILDTEMP\CGFEXAMPLE\GLOBALELEMENT.OBJ
D:\Dropbox\FEUP\3_1 LAIG\LAIG\buildtemp\CGFexample\link.command.1.tlog
D:\Dropbox\FEUP\3_1 LAIG\LAIG\buildtemp\CGFexample\link.read.1.tlog
D:\Dropbox\FEUP\3_1 LAIG\LAIG\buildtemp\CGFexample\link.write.1.tlog
D:\DROPBOX\FEUP\3_1 LAIG\LAIG\BUILDTEMP\CGFEXAMPLE\MAIN.OBJ
D:\DROPBOX\FEUP\3_1 LAIG\LAIG\BUILDTEMP\CGFEXAMPLE\MYCYLINDER.OBJ
D:\DROPBOX\FEUP\3_1 LAIG\LAIG\BUILDTEMP\CGFEXAMPLE\MYUNITCUBE.OBJ
D:\DROPBOX\FEUP\3_1 LAIG\LAIG\BUILDTEMP\CGFEXAMPLE\PLANE.OBJ
D:\Dropbox\FEUP\3_1 LAIG\LAIG\buildtemp\CGFexample\vc100.idb
D:\DROPBOX\FEUP\3_1 LAIG\LAIG\BUILDTEMP\CGFEXAMPLE\VC100.PDB
D:\DROPBOX\FEUP\3_1 LAIG\LAIG\BUILDTEMP\CGFEXAMPLE\XMLSCENE.OBJ
