Build started 30/09/2014 14:01:17.
     1>Project "D:\Dropbox\FEUP\3_1 LAIG\LAIG\Exercise1\CGFexample.vcxproj" on node 2 (build target(s)).
     1>InitializeBuildStatus:
         Creating "..\buildtemp\CGFexample\CGFexample.unsuccessfulbuild" because "AlwaysCreate" was specified.
       ClCompile:
         c:\Program Files (x86)\Microsoft Visual Studio 10.0\VC\bin\CL.exe /c /ZI /nologo /W3 /WX- /Od /Oy- /D _MBCS /Gm /EHsc /RTC1 /MDd /GS /fp:precise /Zc:wchar_t /Zc:forScope /Fo"..\buildtemp\CGFexample\\" /Fd"..\buildtemp\CGFexample\vc100.pdb" /Gd /TP /analyze- /errorReport:prompt src\ANFScene.cpp src\main.cpp
         ANFScene.cpp
     1>d:\dropbox\feup\3_1 laig\laig\exercise1\src\anfscene.cpp(70): warning C4996: 'sscanf': This function or variable may be unsafe. Consider using sscanf_s instead. To disable deprecation, use _CRT_SECURE_NO_WARNINGS. See online help for details.
                 c:\program files (x86)\microsoft visual studio 10.0\vc\include\stdio.h(325) : see declaration of 'sscanf'
         Generating Code...
         Skipping... (no relevant changes detected)
         main.cpp
       Link:
         c:\Program Files (x86)\Microsoft Visual Studio 10.0\VC\bin\link.exe /ERRORREPORT:PROMPT /OUT:"bin\CGFexample.exe" /NOLOGO glew32.lib CGFlib.lib kernel32.lib user32.lib gdi32.lib winspool.lib comdlg32.lib advapi32.lib shell32.lib ole32.lib oleaut32.lib uuid.lib odbc32.lib odbccp32.lib kernel32.lib user32.lib gdi32.lib winspool.lib comdlg32.lib advapi32.lib shell32.lib ole32.lib oleaut32.lib uuid.lib odbc32.lib odbccp32.lib tinyxml.lib /MANIFEST /ManifestFile:"..\buildtemp\CGFexample\CGFexample.exe.intermediate.manifest" /MANIFESTUAC:"level='asInvoker' uiAccess='false'" /DEBUG /PDB:"D:\Dropbox\FEUP\3_1 LAIG\LAIG\Exercise1\bin\CGFexample.pdb" /TLBID:1 /DYNAMICBASE /NXCOMPAT /IMPLIB:"bin\CGFexample.lib" /MACHINE:X86 ..\buildtemp\CGFexample\LightingScene.obj
         ..\buildtemp\CGFexample\main.obj
         ..\buildtemp\CGFexample\myClock.obj
         ..\buildtemp\CGFexample\myClockHand.obj
         ..\buildtemp\CGFexample\myCylinder.obj
         ..\buildtemp\CGFexample\myDesk.obj
         ..\buildtemp\CGFexample\MyFloor.obj
         ..\buildtemp\CGFexample\MyLamp.obj
         ..\buildtemp\CGFexample\myPaperPlane.obj
         ..\buildtemp\CGFexample\MyTable.obj
         ..\buildtemp\CGFexample\MyUnitCube.obj
         ..\buildtemp\CGFexample\Plane.obj
         ..\buildtemp\CGFexample\ANFScene.obj
         LINK : bin\CGFexample.exe not found or not built by the last incremental link; performing full link
     1>LINK : warning LNK4098: defaultlib 'LIBCMT' conflicts with use of other libs; use /NODEFAULTLIB:library
     1>CGFlib.lib(CGFappearance.obj) : warning LNK4099: PDB 'vc100.pdb' was not found with 'CGFlib.lib(CGFappearance.obj)' or at 'D:\Dropbox\FEUP\3_1 LAIG\LAIG\Exercise1\bin\vc100.pdb'; linking object as if no debug info
     1>CGFlib.lib(CGFapplication.obj) : warning LNK4099: PDB 'vc100.pdb' was not found with 'CGFlib.lib(CGFapplication.obj)' or at 'D:\Dropbox\FEUP\3_1 LAIG\LAIG\Exercise1\bin\vc100.pdb'; linking object as if no debug info
     1>CGFlib.lib(CGFaxis.obj) : warning LNK4099: PDB 'vc100.pdb' was not found with 'CGFlib.lib(CGFaxis.obj)' or at 'D:\Dropbox\FEUP\3_1 LAIG\LAIG\Exercise1\bin\vc100.pdb'; linking object as if no debug info
     1>CGFlib.lib(CGFcamera.obj) : warning LNK4099: PDB 'vc100.pdb' was not found with 'CGFlib.lib(CGFcamera.obj)' or at 'D:\Dropbox\FEUP\3_1 LAIG\LAIG\Exercise1\bin\vc100.pdb'; linking object as if no debug info
     1>CGFlib.lib(CGFinterface.obj) : warning LNK4099: PDB 'vc100.pdb' was not found with 'CGFlib.lib(CGFinterface.obj)' or at 'D:\Dropbox\FEUP\3_1 LAIG\LAIG\Exercise1\bin\vc100.pdb'; linking object as if no debug info
     1>CGFlib.lib(CGFlight.obj) : warning LNK4099: PDB 'vc100.pdb' was not found with 'CGFlib.lib(CGFlight.obj)' or at 'D:\Dropbox\FEUP\3_1 LAIG\LAIG\Exercise1\bin\vc100.pdb'; linking object as if no debug info
     1>CGFlib.lib(CGFobject.obj) : warning LNK4099: PDB 'vc100.pdb' was not found with 'CGFlib.lib(CGFobject.obj)' or at 'D:\Dropbox\FEUP\3_1 LAIG\LAIG\Exercise1\bin\vc100.pdb'; linking object as if no debug info
     1>CGFlib.lib(CGFscene.obj) : warning LNK4099: PDB 'vc100.pdb' was not found with 'CGFlib.lib(CGFscene.obj)' or at 'D:\Dropbox\FEUP\3_1 LAIG\LAIG\Exercise1\bin\vc100.pdb'; linking object as if no debug info
     1>CGFlib.lib(CGFtexture.obj) : warning LNK4099: PDB 'vc100.pdb' was not found with 'CGFlib.lib(CGFtexture.obj)' or at 'D:\Dropbox\FEUP\3_1 LAIG\LAIG\Exercise1\bin\vc100.pdb'; linking object as if no debug info
     1>CGFlib.lib(imagetools.obj) : warning LNK4099: PDB 'vc100.pdb' was not found with 'CGFlib.lib(imagetools.obj)' or at 'D:\Dropbox\FEUP\3_1 LAIG\LAIG\Exercise1\bin\vc100.pdb'; linking object as if no debug info
     1>CGFlib.lib(stb_image.obj) : warning LNK4099: PDB 'vc100.pdb' was not found with 'CGFlib.lib(stb_image.obj)' or at 'D:\Dropbox\FEUP\3_1 LAIG\LAIG\Exercise1\bin\vc100.pdb'; linking object as if no debug info
     1>tinyxml.lib(tinystr.obj) : warning LNK4099: PDB 'vc100.pdb' was not found with 'tinyxml.lib(tinystr.obj)' or at 'D:\Dropbox\FEUP\3_1 LAIG\LAIG\Exercise1\bin\vc100.pdb'; linking object as if no debug info
     1>tinyxml.lib(tinyxml.obj) : warning LNK4099: PDB 'vc100.pdb' was not found with 'tinyxml.lib(tinyxml.obj)' or at 'D:\Dropbox\FEUP\3_1 LAIG\LAIG\Exercise1\bin\vc100.pdb'; linking object as if no debug info
     1>tinyxml.lib(tinyxmlerror.obj) : warning LNK4099: PDB 'vc100.pdb' was not found with 'tinyxml.lib(tinyxmlerror.obj)' or at 'D:\Dropbox\FEUP\3_1 LAIG\LAIG\Exercise1\bin\vc100.pdb'; linking object as if no debug info
     1>tinyxml.lib(tinyxmlparser.obj) : warning LNK4099: PDB 'vc100.pdb' was not found with 'tinyxml.lib(tinyxmlparser.obj)' or at 'D:\Dropbox\FEUP\3_1 LAIG\LAIG\Exercise1\bin\vc100.pdb'; linking object as if no debug info
         CGFexample.vcxproj -> D:\Dropbox\FEUP\3_1 LAIG\LAIG\Exercise1\bin\CGFexample.exe
       Manifest:
         C:\Program Files (x86)\Microsoft SDKs\Windows\v7.0A\bin\mt.exe /nologo /verbose /outputresource:"bin\CGFexample.exe;#1" /manifest ..\buildtemp\CGFexample\CGFexample.exe.intermediate.manifest
       FinalizeBuildStatus:
         Deleting file "..\buildtemp\CGFexample\CGFexample.unsuccessfulbuild".
         Touching "..\buildtemp\CGFexample\CGFexample.lastbuildstate".
     1>Done Building Project "D:\Dropbox\FEUP\3_1 LAIG\LAIG\Exercise1\CGFexample.vcxproj" (build target(s)).

Build succeeded.

Time Elapsed 00:00:00.74
